<?xml version="1.0" encoding="UTF-8"?>
<!-- Generated by org.testng.reporters.JUnitReportReporter -->
<testsuite skipped="0" hostname="sreenuvelanIT" name="samplePackage.Class_A" tests="3" failures="0" timestamp="5 Nov 2016 06:16:29 GMT" time="0.029" errors="0">
  <testcase name="setData" time="0.022" classname="samplePackage.Class_A"/>
  <testcase name="setData" time="0.003" classname="samplePackage.Class_A"/>
  <testcase name="setData" time="0.004" classname="samplePackage.Class_A"/>
</testsuite> <!-- samplePackage.Class_A -->
